# JRE version: OpenJDK Runtime Environment (8.0_212-b03) (build 1.8.0_212-8u212-b03-0ubuntu1.18.04.1-b03)
# Java VM: OpenJDK 64-Bit Server VM (25.212-b03 mixed mode linux-amd64 compressed oops)
Heap:
 PSYoungGen      total 182784K, used 12192K [0x00000000e0000000, 0x00000000ec580000, 0x0000000100000000)
  eden space 163328K, 0% used [0x00000000e0000000,0x00000000e0000000,0x00000000e9f80000)
  from space 19456K, 62% used [0x00000000e9f80000,0x00000000eab68020,0x00000000eb280000)
  to   space 15360K, 0% used [0x00000000eb680000,0x00000000eb680000,0x00000000ec580000)
 ParOldGen       total 82944K, used 26585K [0x00000000a0000000, 0x00000000a5100000, 0x00000000e0000000)
  object space 82944K, 32% used [0x00000000a0000000,0x00000000a19f6468,0x00000000a5100000)
 Metaspace       used 66626K, capacity 73944K, committed 74240K, reserved 1114112K
  class space    used 9010K, capacity 9466K, committed 9472K, reserved 1048576K
GC Heap History (10 events):
Event: 19,076 GC heap after
Heap after GC invocations=9 (full 2):
 PSYoungGen      total 97792K, used 12258K [0x00000000e0000000, 0x00000000e9480000, 0x0000000100000000)
  eden space 85504K, 0% used [0x00000000e0000000,0x00000000e0000000,0x00000000e5380000)
  from space 12288K, 99% used [0x00000000e5380000,0x00000000e5f789b0,0x00000000e5f80000)
  to   space 18944K, 0% used [0x00000000e8200000,0x00000000e8200000,0x00000000e9480000)
 ParOldGen       total 67072K, used 27058K [0x00000000a0000000, 0x00000000a4180000, 0x00000000e0000000)
  object space 67072K, 40% used [0x00000000a0000000,0x00000000a1a6ca38,0x00000000a4180000)
 Metaspace       used 53806K, capacity 58782K, committed 59008K, reserved 1101824K
  class space    used 7236K, capacity 7542K, committed 7552K, reserved 1048576K
}
Event: 19,169 GC heap before
{Heap before GC invocations=10 (full 2):
 PSYoungGen      total 97792K, used 14122K [0x00000000e0000000, 0x00000000e9480000, 0x0000000100000000)
  eden space 85504K, 2% used [0x00000000e0000000,0x00000000e01d2090,0x00000000e5380000)
  from space 12288K, 99% used [0x00000000e5380000,0x00000000e5f789b0,0x00000000e5f80000)
  to   space 18944K, 0% used [0x00000000e8200000,0x00000000e8200000,0x00000000e9480000)
 ParOldGen       total 67072K, used 27058K [0x00000000a0000000, 0x00000000a4180000, 0x00000000e0000000)
  object space 67072K, 40% used [0x00000000a0000000,0x00000000a1a6ca38,0x00000000a4180000)
 Metaspace       used 54009K, capacity 59060K, committed 59160K, reserved 1101824K
  class space    used 7285K, capacity 7580K, committed 7680K, reserved 1048576K
Event: 19,285 GC heap after
Heap after GC invocations=10 (full 2):
 PSYoungGen      total 132608K, used 12322K [0x00000000e0000000, 0x00000000ec300000, 0x0000000100000000)
  eden space 113664K, 0% used [0x00000000e0000000,0x00000000e0000000,0x00000000e6f00000)
  from space 18944K, 65% used [0x00000000e8200000,0x00000000e8e089b0,0x00000000e9480000)
  to   space 19456K, 0% used [0x00000000e6f00000,0x00000000e6f00000,0x00000000e8200000)
 ParOldGen       total 67072K, used 27066K [0x00000000a0000000, 0x00000000a4180000, 0x00000000e0000000)
  object space 67072K, 40% used [0x00000000a0000000,0x00000000a1a6ea38,0x00000000a4180000)
 Metaspace       used 54009K, capacity 59060K, committed 59160K, reserved 1101824K
  class space    used 7285K, capacity 7580K, committed 7680K, reserved 1048576K
}
Event: 19,285 GC heap before
{Heap before GC invocations=11 (full 3):
 PSYoungGen      total 132608K, used 12322K [0x00000000e0000000, 0x00000000ec300000, 0x0000000100000000)
  eden space 113664K, 0% used [0x00000000e0000000,0x00000000e0000000,0x00000000e6f00000)
  from space 18944K, 65% used [0x00000000e8200000,0x00000000e8e089b0,0x00000000e9480000)
  to   space 19456K, 0% used [0x00000000e6f00000,0x00000000e6f00000,0x00000000e8200000)
 ParOldGen       total 67072K, used 27066K [0x00000000a0000000, 0x00000000a4180000, 0x00000000e0000000)
  object space 67072K, 40% used [0x00000000a0000000,0x00000000a1a6ea38,0x00000000a4180000)
 Metaspace       used 54009K, capacity 59060K, committed 59160K, reserved 1101824K
  class space    used 7285K, capacity 7580K, committed 7680K, reserved 1048576K
Event: 19,772 GC heap after
Heap after GC invocations=11 (full 3):
 PSYoungGen      total 132608K, used 0K [0x00000000e0000000, 0x00000000ec300000, 0x0000000100000000)
  eden space 113664K, 0% used [0x00000000e0000000,0x00000000e0000000,0x00000000e6f00000)
  from space 18944K, 0% used [0x00000000e8200000,0x00000000e8200000,0x00000000e9480000)
  to   space 19456K, 0% used [0x00000000e6f00000,0x00000000e6f00000,0x00000000e8200000)
 ParOldGen       total 82944K, used 26481K [0x00000000a0000000, 0x00000000a5100000, 0x00000000e0000000)
  object space 82944K, 31% used [0x00000000a0000000,0x00000000a19dc458,0x00000000a5100000)
 Metaspace       used 54009K, capacity 59060K, committed 59160K, reserved 1101824K
  class space    used 7285K, capacity 7580K, committed 7680K, reserved 1048576K
}
Event: 24,493 GC heap before
{Heap before GC invocations=12 (full 3):
 PSYoungGen      total 132608K, used 113664K [0x00000000e0000000, 0x00000000ec300000, 0x0000000100000000)
  eden space 113664K, 100% used [0x00000000e0000000,0x00000000e6f00000,0x00000000e6f00000)
  from space 18944K, 0% used [0x00000000e8200000,0x00000000e8200000,0x00000000e9480000)
  to   space 19456K, 0% used [0x00000000e6f00000,0x00000000e6f00000,0x00000000e8200000)
 ParOldGen       total 82944K, used 26481K [0x00000000a0000000, 0x00000000a5100000, 0x00000000e0000000)
  object space 82944K, 31% used [0x00000000a0000000,0x00000000a19dc458,0x00000000a5100000)
 Metaspace       used 60238K, capacity 67106K, committed 67200K, reserved 1107968K
  class space    used 8358K, capacity 8787K, committed 8832K, reserved 1048576K
Event: 24,555 GC heap after
Heap after GC invocations=12 (full 3):
 PSYoungGen      total 133120K, used 14139K [0x00000000e0000000, 0x00000000eca00000, 0x0000000100000000)
  eden space 113664K, 0% used [0x00000000e0000000,0x00000000e0000000,0x00000000e6f00000)
  from space 19456K, 72% used [0x00000000e6f00000,0x00000000e7ccef78,0x00000000e8200000)
  to   space 19968K, 0% used [0x00000000eb680000,0x00000000eb680000,0x00000000eca00000)
 ParOldGen       total 82944K, used 26489K [0x00000000a0000000, 0x00000000a5100000, 0x00000000e0000000)
  object space 82944K, 31% used [0x00000000a0000000,0x00000000a19de458,0x00000000a5100000)
 Metaspace       used 60238K, capacity 67106K, committed 67200K, reserved 1107968K
  class space    used 8358K, capacity 8787K, committed 8832K, reserved 1048576K
}
Event: 29,608 GC heap before
{Heap before GC invocations=13 (full 3):
 PSYoungGen      total 133120K, used 127803K [0x00000000e0000000, 0x00000000eca00000, 0x0000000100000000)
  eden space 113664K, 100% used [0x00000000e0000000,0x00000000e6f00000,0x00000000e6f00000)
  from space 19456K, 72% used [0x00000000e6f00000,0x00000000e7ccef78,0x00000000e8200000)
  to   space 19968K, 0% used [0x00000000eb680000,0x00000000eb680000,0x00000000eca00000)
 ParOldGen       total 82944K, used 26489K [0x00000000a0000000, 0x00000000a5100000, 0x00000000e0000000)
  object space 82944K, 31% used [0x00000000a0000000,0x00000000a19de458,0x00000000a5100000)
 Metaspace       used 66262K, capacity 73496K, committed 73728K, reserved 1114112K
  class space    used 9010K, capacity 9466K, committed 9472K, reserved 1048576K
Event: 29,652 GC heap after
Heap after GC invocations=13 (full 3):
 PSYoungGen      total 178688K, used 10645K [0x00000000e0000000, 0x00000000ec580000, 0x0000000100000000)
  eden space 163328K, 0% used [0x00000000e0000000,0x00000000e0000000,0x00000000e9f80000)
  from space 15360K, 69% used [0x00000000eb680000,0x00000000ec0e57d8,0x00000000ec580000)
  to   space 19456K, 0% used [0x00000000e9f80000,0x00000000e9f80000,0x00000000eb280000)
 ParOldGen       total 82944K, used 26497K [0x00000000a0000000, 0x00000000a5100000, 0x00000000e0000000)
  object space 82944K, 31% used [0x00000000a0000000,0x00000000a19e0458,0x00000000a5100000)
 Metaspace       used 66262K, capacity 73496K, committed 73728K, reserved 1114112K
  class space    used 9010K, capacity 9466K, committed 9472K, reserved 1048576K
}
Event: 34,369 GC heap before
{Heap before GC invocations=14 (full 3):
 PSYoungGen      total 178688K, used 173973K [0x00000000e0000000, 0x00000000ec580000, 0x0000000100000000)
  eden space 163328K, 100% used [0x00000000e0000000,0x00000000e9f80000,0x00000000e9f80000)
  from space 15360K, 69% used [0x00000000eb680000,0x00000000ec0e57d8,0x00000000ec580000)
  to   space 19456K, 0% used [0x00000000e9f80000,0x00000000e9f80000,0x00000000eb280000)
 ParOldGen       total 82944K, used 26497K [0x00000000a0000000, 0x00000000a5100000, 0x00000000e0000000)
  object space 82944K, 31% used [0x00000000a0000000,0x00000000a19e0458,0x00000000a5100000)
 Metaspace       used 66626K, capacity 73944K, committed 74240K, reserved 1114112K
  class space    used 9010K, capacity 9466K, committed 9472K, reserved 1048576K

