# JRE version: OpenJDK Runtime Environment (8.0_212-b03) (build 1.8.0_212-8u212-b03-0ubuntu1.18.04.1-b03)
# Java VM: OpenJDK 64-Bit Server VM (25.212-b03 mixed mode linux-amd64 compressed oops)
Heap:
 PSYoungGen      total 150528K, used 0K [0x00000000eab00000, 0x00000000f6f80000, 0x0000000100000000)
  eden space 121856K, 0% used [0x00000000eab00000,0x00000000eab00000,0x00000000f2200000)
  from space 28672K, 0% used [0x00000000f2200000,0x00000000f2200000,0x00000000f3e00000)
  to   space 27648K, 0% used [0x00000000f5480000,0x00000000f5480000,0x00000000f6f80000)
 ParOldGen       total 98304K, used 89681K [0x00000000c0000000, 0x00000000c6000000, 0x00000000eab00000)
  object space 98304K, 91% used [0x00000000c0000000,0x00000000c57944a0,0x00000000c6000000)
 Metaspace       used 36802K, capacity 36988K, committed 37376K, reserved 1081344K
  class space    used 5209K, capacity 5287K, committed 5376K, reserved 1048576K
GC Heap History (10 events):
Event: 7,613 GC heap after
Heap after GC invocations=11 (full 1):
 PSYoungGen      total 94720K, used 4081K [0x00000000eab00000, 0x00000000f1680000, 0x0000000100000000)
  eden space 90624K, 0% used [0x00000000eab00000,0x00000000eab00000,0x00000000f0380000)
  from space 4096K, 99% used [0x00000000f1280000,0x00000000f167c578,0x00000000f1680000)
  to   space 4608K, 0% used [0x00000000f0d80000,0x00000000f0d80000,0x00000000f1200000)
 ParOldGen       total 27648K, used 6562K [0x00000000c0000000, 0x00000000c1b00000, 0x00000000eab00000)
  object space 27648K, 23% used [0x00000000c0000000,0x00000000c0668830,0x00000000c1b00000)
 Metaspace       used 25431K, capacity 25622K, committed 25984K, reserved 1071104K
  class space    used 3764K, capacity 3847K, committed 3968K, reserved 1048576K
}
Event: 8,329 GC heap before
{Heap before GC invocations=12 (full 1):
 PSYoungGen      total 94720K, used 94705K [0x00000000eab00000, 0x00000000f1680000, 0x0000000100000000)
  eden space 90624K, 100% used [0x00000000eab00000,0x00000000f0380000,0x00000000f0380000)
  from space 4096K, 99% used [0x00000000f1280000,0x00000000f167c578,0x00000000f1680000)
  to   space 4608K, 0% used [0x00000000f0d80000,0x00000000f0d80000,0x00000000f1200000)
 ParOldGen       total 27648K, used 6562K [0x00000000c0000000, 0x00000000c1b00000, 0x00000000eab00000)
  object space 27648K, 23% used [0x00000000c0000000,0x00000000c0668830,0x00000000c1b00000)
 Metaspace       used 26225K, capacity 26390K, committed 26880K, reserved 1073152K
  class space    used 3890K, capacity 3975K, committed 4096K, reserved 1048576K
Event: 8,421 GC heap after
Heap after GC invocations=12 (full 1):
 PSYoungGen      total 105472K, used 4592K [0x00000000eab00000, 0x00000000f5880000, 0x0000000100000000)
  eden space 100864K, 0% used [0x00000000eab00000,0x00000000eab00000,0x00000000f0d80000)
  from space 4608K, 99% used [0x00000000f0d80000,0x00000000f11fc010,0x00000000f1200000)
  to   space 19968K, 0% used [0x00000000f4500000,0x00000000f4500000,0x00000000f5880000)
 ParOldGen       total 48128K, used 48024K [0x00000000c0000000, 0x00000000c2f00000, 0x00000000eab00000)
  object space 48128K, 99% used [0x00000000c0000000,0x00000000c2ee60e0,0x00000000c2f00000)
 Metaspace       used 26225K, capacity 26390K, committed 26880K, reserved 1073152K
  class space    used 3890K, capacity 3975K, committed 4096K, reserved 1048576K
}
Event: 8,421 GC heap before
{Heap before GC invocations=13 (full 2):
 PSYoungGen      total 105472K, used 4592K [0x00000000eab00000, 0x00000000f5880000, 0x0000000100000000)
  eden space 100864K, 0% used [0x00000000eab00000,0x00000000eab00000,0x00000000f0d80000)
  from space 4608K, 99% used [0x00000000f0d80000,0x00000000f11fc010,0x00000000f1200000)
  to   space 19968K, 0% used [0x00000000f4500000,0x00000000f4500000,0x00000000f5880000)
 ParOldGen       total 48128K, used 48024K [0x00000000c0000000, 0x00000000c2f00000, 0x00000000eab00000)
  object space 48128K, 99% used [0x00000000c0000000,0x00000000c2ee60e0,0x00000000c2f00000)
 Metaspace       used 26225K, capacity 26390K, committed 26880K, reserved 1073152K
  class space    used 3890K, capacity 3975K, committed 4096K, reserved 1048576K
Event: 8,726 GC heap after
Heap after GC invocations=13 (full 2):
 PSYoungGen      total 105472K, used 2022K [0x00000000eab00000, 0x00000000f5880000, 0x0000000100000000)
  eden space 100864K, 0% used [0x00000000eab00000,0x00000000eab00000,0x00000000f0d80000)
  from space 4608K, 43% used [0x00000000f0d80000,0x00000000f0f79958,0x00000000f1200000)
  to   space 19968K, 0% used [0x00000000f4500000,0x00000000f4500000,0x00000000f5880000)
 ParOldGen       total 98304K, used 47618K [0x00000000c0000000, 0x00000000c6000000, 0x00000000eab00000)
  object space 98304K, 48% used [0x00000000c0000000,0x00000000c2e808f0,0x00000000c6000000)
 Metaspace       used 26225K, capacity 26390K, committed 26880K, reserved 1073152K
  class space    used 3890K, capacity 3975K, committed 4096K, reserved 1048576K
}
Event: 10,832 GC heap before
{Heap before GC invocations=14 (full 2):
 PSYoungGen      total 105472K, used 102886K [0x00000000eab00000, 0x00000000f5880000, 0x0000000100000000)
  eden space 100864K, 100% used [0x00000000eab00000,0x00000000f0d80000,0x00000000f0d80000)
  from space 4608K, 43% used [0x00000000f0d80000,0x00000000f0f79958,0x00000000f1200000)
  to   space 19968K, 0% used [0x00000000f4500000,0x00000000f4500000,0x00000000f5880000)
 ParOldGen       total 98304K, used 47618K [0x00000000c0000000, 0x00000000c6000000, 0x00000000eab00000)
  object space 98304K, 48% used [0x00000000c0000000,0x00000000c2e808f0,0x00000000c6000000)
 Metaspace       used 30194K, capacity 30394K, committed 30848K, reserved 1075200K
  class space    used 4321K, capacity 4391K, committed 4480K, reserved 1048576K
Event: 10,902 GC heap after
Heap after GC invocations=14 (full 2):
 PSYoungGen      total 141824K, used 19936K [0x00000000eab00000, 0x00000000f5a00000, 0x0000000100000000)
  eden space 121856K, 0% used [0x00000000eab00000,0x00000000eab00000,0x00000000f2200000)
  from space 19968K, 99% used [0x00000000f4500000,0x00000000f5878020,0x00000000f5880000)
  to   space 28672K, 0% used [0x00000000f2200000,0x00000000f2200000,0x00000000f3e00000)
 ParOldGen       total 98304K, used 62321K [0x00000000c0000000, 0x00000000c6000000, 0x00000000eab00000)
  object space 98304K, 63% used [0x00000000c0000000,0x00000000c3cdc788,0x00000000c6000000)
 Metaspace       used 30194K, capacity 30394K, committed 30848K, reserved 1075200K
  class space    used 4321K, capacity 4391K, committed 4480K, reserved 1048576K
}
Event: 14,451 GC heap before
{Heap before GC invocations=15 (full 2):
 PSYoungGen      total 141824K, used 141792K [0x00000000eab00000, 0x00000000f5a00000, 0x0000000100000000)
  eden space 121856K, 100% used [0x00000000eab00000,0x00000000f2200000,0x00000000f2200000)
  from space 19968K, 99% used [0x00000000f4500000,0x00000000f5878020,0x00000000f5880000)
  to   space 28672K, 0% used [0x00000000f2200000,0x00000000f2200000,0x00000000f3e00000)
 ParOldGen       total 98304K, used 62321K [0x00000000c0000000, 0x00000000c6000000, 0x00000000eab00000)
  object space 98304K, 63% used [0x00000000c0000000,0x00000000c3cdc788,0x00000000c6000000)
 Metaspace       used 36802K, capacity 36988K, committed 37376K, reserved 1081344K
  class space    used 5209K, capacity 5287K, committed 5376K, reserved 1048576K
Event: 14,563 GC heap after
Heap after GC invocations=15 (full 2):
 PSYoungGen      total 150528K, used 11599K [0x00000000eab00000, 0x00000000f6f80000, 0x0000000100000000)
  eden space 121856K, 0% used [0x00000000eab00000,0x00000000eab00000,0x00000000f2200000)
  from space 28672K, 40% used [0x00000000f2200000,0x00000000f2d53c80,0x00000000f3e00000)
  to   space 27648K, 0% used [0x00000000f5480000,0x00000000f5480000,0x00000000f6f80000)
 ParOldGen       total 98304K, used 82318K [0x00000000c0000000, 0x00000000c6000000, 0x00000000eab00000)
  object space 98304K, 83% used [0x00000000c0000000,0x00000000c5063858,0x00000000c6000000)
 Metaspace       used 36802K, capacity 36988K, committed 37376K, reserved 1081344K
  class space    used 5209K, capacity 5287K, committed 5376K, reserved 1048576K
}
Event: 14,566 GC heap before
{Heap before GC invocations=16 (full 3):
 PSYoungGen      total 150528K, used 11599K [0x00000000eab00000, 0x00000000f6f80000, 0x0000000100000000)
  eden space 121856K, 0% used [0x00000000eab00000,0x00000000eab00000,0x00000000f2200000)
  from space 28672K, 40% used [0x00000000f2200000,0x00000000f2d53c80,0x00000000f3e00000)
  to   space 27648K, 0% used [0x00000000f5480000,0x00000000f5480000,0x00000000f6f80000)
 ParOldGen       total 98304K, used 82318K [0x00000000c0000000, 0x00000000c6000000, 0x00000000eab00000)
  object space 98304K, 83% used [0x00000000c0000000,0x00000000c5063858,0x00000000c6000000)
 Metaspace       used 36802K, capacity 36988K, committed 37376K, reserved 1081344K
  class space    used 5209K, capacity 5287K, committed 5376K, reserved 1048576K

